{"numFailedTestSuites":1,"numFailedTests":0,"numPassedTestSuites":0,"numPassedTests":0,"numPendingTestSuites":0,"numPendingTests":0,"numRuntimeErrorTestSuites":1,"numTodoTests":0,"numTotalTestSuites":1,"numTotalTests":0,"openHandles":[],"snapshot":{"added":0,"didUpdate":false,"failure":false,"filesAdded":0,"filesRemoved":0,"filesRemovedList":[],"filesUnmatched":0,"filesUpdated":0,"matched":0,"total":0,"unchecked":0,"uncheckedKeysByFile":[],"unmatched":0,"updated":0},"startTime":1787389831518,"success":false,"testResults":[{"assertionResults":[],"coverage":{},"endTime":1787389922872,"message":"  \u001b[1m● \u001b[22mTest suite failed to run\n\n    \u001b[96msrc/tests/integration/company-scope-employee-cross-company.test.ts\u001b[0m:\u001b[93m142\u001b[0m:\u001b[93m50\u001b[0m - \u001b[91merror\u001b[0m\u001b[90m TS2353: \u001b[0mObject literal may only specify known properties, and 'companyId' does not exist in type '{ id: string; fullName: string; phone: string | null; idNumber: string | null; placeOfBirth: string | null; dateOfBirth: Date | null; gender: string | null; religion: string | null; ... 10 more ...; orderSequence: number | null; } | Prisma__EmployeeFamilyClient<...>'.\n\n    \u001b[7m142\u001b[0m         id: FAM_A_ID, employeeId: EMPLOYEE_A_ID, companyId: COMPANY_A_ID,\n    \u001b[7m   \u001b[0m \u001b[91m                                                 ~~~~~~~~~\u001b[0m\n    \u001b[96msrc/tests/integration/company-scope-employee-cross-company.test.ts\u001b[0m:\u001b[93m146\u001b[0m:\u001b[93m33\u001b[0m - \u001b[91merror\u001b[0m\u001b[90m TS2339: \u001b[0mProperty 'companyId' does not exist on type 'EmployeeFamilyWhereInput'.\n\n    \u001b[7m146\u001b[0m       expect(lastParams?.where?.companyId).toBe(COMPANY_A_ID);\n    \u001b[7m   \u001b[0m \u001b[91m                                ~~~~~~~~~\u001b[0m\n    \u001b[96msrc/tests/integration/company-scope-employee-cross-company.test.ts\u001b[0m:\u001b[93m151\u001b[0m:\u001b[93m50\u001b[0m - \u001b[91merror\u001b[0m\u001b[90m TS2353: \u001b[0mObject literal may only specify known properties, and 'companyId' does not exist in type '{ id: string; createdAt: Date; updatedAt: Date; employeeId: string; notes: string | null; startDate: Date | null; endDate: Date | null; level: string; institutionName: string; ... 4 more ...; city: string | null; } | Prisma__EmployeeEducationClient<...>'.\n\n    \u001b[7m151\u001b[0m         id: EDU_A_ID, employeeId: EMPLOYEE_A_ID, companyId: COMPANY_A_ID,\n    \u001b[7m   \u001b[0m \u001b[91m                                                 ~~~~~~~~~\u001b[0m\n    \u001b[96msrc/tests/integration/company-scope-employee-cross-company.test.ts\u001b[0m:\u001b[93m155\u001b[0m:\u001b[93m33\u001b[0m - \u001b[91merror\u001b[0m\u001b[90m TS2339: \u001b[0mProperty 'companyId' does not exist on type 'EmployeeEducationWhereInput'.\n\n    \u001b[7m155\u001b[0m       expect(lastParams?.where?.companyId).toBe(COMPANY_A_ID);\n    \u001b[7m   \u001b[0m \u001b[91m                                ~~~~~~~~~\u001b[0m\n    \u001b[96msrc/tests/integration/company-scope-employee-cross-company.test.ts\u001b[0m:\u001b[93m160\u001b[0m:\u001b[93m50\u001b[0m - \u001b[91merror\u001b[0m\u001b[90m TS2353: \u001b[0mObject literal may only specify known properties, and 'companyId' does not exist in type '{ id: string; fullName: string; phone: string; address: string | null; createdAt: Date; updatedAt: Date; employeeId: string; notes: string | null; relationship: string; alternativePhone: string | null; isPrimary: boolean | null; } | Prisma__EmployeeEmergencyContactClient<...>'.\n\n    \u001b[7m160\u001b[0m         id: EMC_A_ID, employeeId: EMPLOYEE_A_ID, companyId: COMPANY_A_ID,\n    \u001b[7m   \u001b[0m \u001b[91m                                                 ~~~~~~~~~\u001b[0m\n    \u001b[96msrc/tests/integration/company-scope-employee-cross-company.test.ts\u001b[0m:\u001b[93m164\u001b[0m:\u001b[93m33\u001b[0m - \u001b[91merror\u001b[0m\u001b[90m TS2339: \u001b[0mProperty 'companyId' does not exist on type 'EmployeeEmergencyContactWhereInput'.\n\n    \u001b[7m164\u001b[0m       expect(lastParams?.where?.companyId).toBe(COMPANY_A_ID);\n    \u001b[7m   \u001b[0m \u001b[91m                                ~~~~~~~~~\u001b[0m\n    \u001b[96msrc/tests/integration/company-scope-employee-cross-company.test.ts\u001b[0m:\u001b[93m169\u001b[0m:\u001b[93m50\u001b[0m - \u001b[91merror\u001b[0m\u001b[90m TS2353: \u001b[0mObject literal may only specify known properties, and 'companyId' does not exist in type '{ id: string; createdAt: Date; updatedAt: Date; description: string | null; employeeId: string; notes: string | null; startDate: Date | null; endDate: Date | null; ... 4 more ...; certificateUrl: string | null; } | Prisma__EmployeeTrainingClient<...>'.\n\n    \u001b[7m169\u001b[0m         id: TRN_A_ID, employeeId: EMPLOYEE_A_ID, companyId: COMPANY_A_ID,\n    \u001b[7m   \u001b[0m \u001b[91m                                                 ~~~~~~~~~\u001b[0m\n    \u001b[96msrc/tests/integration/company-scope-employee-cross-company.test.ts\u001b[0m:\u001b[93m173\u001b[0m:\u001b[93m33\u001b[0m - \u001b[91merror\u001b[0m\u001b[90m TS2339: \u001b[0mProperty 'companyId' does not exist on type 'EmployeeTrainingWhereInput'.\n\n    \u001b[7m173\u001b[0m       expect(lastParams?.where?.companyId).toBe(COMPANY_A_ID);\n    \u001b[7m   \u001b[0m \u001b[91m                                ~~~~~~~~~\u001b[0m\n    \u001b[96msrc/tests/integration/company-scope-employee-cross-company.test.ts\u001b[0m:\u001b[93m178\u001b[0m:\u001b[93m50\u001b[0m - \u001b[91merror\u001b[0m\u001b[90m TS2353: \u001b[0mObject literal may only specify known properties, and 'companyId' does not exist in type '{ id: string; createdAt: Date; updatedAt: Date; employeeId: string; notes: string | null; category: string | null; skillName: string; proficiencyLevel: string | null; yearsOfExperience: number | null; lastUsedDate: Date | null; isCertified: boolean | null; } | Prisma__EmployeeSkillClient<...>'.\n\n    \u001b[7m178\u001b[0m         id: SKL_A_ID, employeeId: EMPLOYEE_A_ID, companyId: COMPANY_A_ID,\n    \u001b[7m   \u001b[0m \u001b[91m                                                 ~~~~~~~~~\u001b[0m\n    \u001b[96msrc/tests/integration/company-scope-employee-cross-company.test.ts\u001b[0m:\u001b[93m182\u001b[0m:\u001b[93m33\u001b[0m - \u001b[91merror\u001b[0m\u001b[90m TS2339: \u001b[0mProperty 'companyId' does not exist on type 'EmployeeSkillWhereInput'.\n\n    \u001b[7m182\u001b[0m       expect(lastParams?.where?.companyId).toBe(COMPANY_A_ID);\n    \u001b[7m   \u001b[0m \u001b[91m                                ~~~~~~~~~\u001b[0m\n    \u001b[96msrc/tests/integration/company-scope-employee-cross-company.test.ts\u001b[0m:\u001b[93m187\u001b[0m:\u001b[93m50\u001b[0m - \u001b[91merror\u001b[0m\u001b[90m TS2353: \u001b[0mObject literal may only specify known properties, and 'companyId' does not exist in type '{ id: string; createdAt: Date; updatedAt: Date; position: string; employeeId: string; startDate: Date; endDate: Date | null; city: string | null; companyName: string; ... 6 more ...; referencePhone: string | null; } | Prisma__EmployeeExperienceClient<...>'.\n\n    \u001b[7m187\u001b[0m         id: EXP_A_ID, employeeId: EMPLOYEE_A_ID, companyId: COMPANY_A_ID,\n    \u001b[7m   \u001b[0m \u001b[91m                                                 ~~~~~~~~~\u001b[0m\n    \u001b[96msrc/tests/integration/company-scope-employee-cross-company.test.ts\u001b[0m:\u001b[93m191\u001b[0m:\u001b[93m33\u001b[0m - \u001b[91merror\u001b[0m\u001b[90m TS2339: \u001b[0mProperty 'companyId' does not exist on type 'EmployeeExperienceWhereInput'.\n\n    \u001b[7m191\u001b[0m       expect(lastParams?.where?.companyId).toBe(COMPANY_A_ID);\n    \u001b[7m   \u001b[0m \u001b[91m                                ~~~~~~~~~\u001b[0m\n    \u001b[96msrc/tests/integration/company-scope-employee-cross-company.test.ts\u001b[0m:\u001b[93m196\u001b[0m:\u001b[93m50\u001b[0m - \u001b[91merror\u001b[0m\u001b[90m TS2353: \u001b[0mObject literal may only specify known properties, and 'companyId' does not exist in type '{ id: string; createdAt: Date; updatedAt: Date; description: string | null; employeeId: string; fileName: string; mimeType: string | null; fileSize: number | null; uploadedBy: string | null; category: string; originalName: string | null; fileUrl: string; } | Prisma__EmployeeAttachmentClient<...>'.\n\n    \u001b[7m196\u001b[0m         id: ATT_A_ID, employeeId: EMPLOYEE_A_ID, companyId: COMPANY_A_ID,\n    \u001b[7m   \u001b[0m \u001b[91m                                                 ~~~~~~~~~\u001b[0m\n    \u001b[96msrc/tests/integration/company-scope-employee-cross-company.test.ts\u001b[0m:\u001b[93m200\u001b[0m:\u001b[93m33\u001b[0m - \u001b[91merror\u001b[0m\u001b[90m TS2339: \u001b[0mProperty 'companyId' does not exist on type 'EmployeeAttachmentWhereInput'.\n\n    \u001b[7m200\u001b[0m       expect(lastParams?.where?.companyId).toBe(COMPANY_A_ID);\n    \u001b[7m   \u001b[0m \u001b[91m                                ~~~~~~~~~\u001b[0m\n    \u001b[96msrc/tests/integration/company-scope-employee-cross-company.test.ts\u001b[0m:\u001b[93m205\u001b[0m:\u001b[93m51\u001b[0m - \u001b[91merror\u001b[0m\u001b[90m TS2353: \u001b[0mObject literal may only specify known properties, and 'companyId' does not exist in type '{ id: string; bankName: string | null; bankCode: BankCode; createdAt: Date; updatedAt: Date; employeeId: string; isActive: boolean; isPrimary: boolean; accountNumber: string; accountHolder: string; } | Prisma__EmployeeBankAccountClient<...>'.\n\n    \u001b[7m205\u001b[0m         id: BANK_A_ID, employeeId: EMPLOYEE_A_ID, companyId: COMPANY_A_ID,\n    \u001b[7m   \u001b[0m \u001b[91m                                                  ~~~~~~~~~\u001b[0m\n    \u001b[96msrc/tests/integration/company-scope-employee-cross-company.test.ts\u001b[0m:\u001b[93m209\u001b[0m:\u001b[93m33\u001b[0m - \u001b[91merror\u001b[0m\u001b[90m TS2339: \u001b[0mProperty 'companyId' does not exist on type 'EmployeeBankAccountWhereInput'.\n\n    \u001b[7m209\u001b[0m       expect(lastParams?.where?.companyId).toBe(COMPANY_A_ID);\n    \u001b[7m   \u001b[0m \u001b[91m                                ~~~~~~~~~\u001b[0m\n    \u001b[96msrc/tests/integration/company-scope-employee-cross-company.test.ts\u001b[0m:\u001b[93m214\u001b[0m:\u001b[93m66\u001b[0m - \u001b[91merror\u001b[0m\u001b[90m TS2353: \u001b[0mObject literal may only specify known properties, and 'companyId' does not exist in type '{ id: string; createdAt: Date; employeeId: string; notes: string | null; assignedAt: Date; assetId: string; createdBy: string; conditionAtAssign: string; returnedAt: Date | null; conditionAtReturn: string | null; } | Prisma__AssetAssignmentClient<...>'.\n\n    \u001b[7m214\u001b[0m         id: ASG_A_ID, assetId: 'a-1', employeeId: EMPLOYEE_A_ID, companyId: COMPANY_A_ID,\n    \u001b[7m   \u001b[0m \u001b[91m                                                                 ~~~~~~~~~\u001b[0m\n    \u001b[96msrc/tests/integration/company-scope-employee-cross-company.test.ts\u001b[0m:\u001b[93m218\u001b[0m:\u001b[93m33\u001b[0m - \u001b[91merror\u001b[0m\u001b[90m TS2339: \u001b[0mProperty 'companyId' does not exist on type 'AssetAssignmentWhereInput'.\n\n    \u001b[7m218\u001b[0m       expect(lastParams?.where?.companyId).toBe(COMPANY_A_ID);\n    \u001b[7m   \u001b[0m \u001b[91m                                ~~~~~~~~~\u001b[0m\n    \u001b[96msrc/tests/integration/company-scope-employee-cross-company.test.ts\u001b[0m:\u001b[93m222\u001b[0m:\u001b[93m81\u001b[0m - \u001b[91merror\u001b[0m\u001b[90m TS2345: \u001b[0mArgument of type '{ id: string; }' is not assignable to parameter of type '{ id: string; fullName: string; phone: string | null; idNumber: string | null; placeOfBirth: string | null; dateOfBirth: Date | null; gender: string | null; religion: string | null; ... 10 more ...; orderSequence: number | null; } | Prisma__EmployeeFamilyClient<...>'.\n      Type '{ id: string; }' is missing the following properties from type '{ id: string; fullName: string; phone: string | null; idNumber: string | null; placeOfBirth: string | null; dateOfBirth: Date | null; gender: string | null; religion: string | null; ... 10 more ...; orderSequence: number | null; }': fullName, phone, idNumber, placeOfBirth, and 14 more.\n\n    \u001b[7m222\u001b[0m       const spy = jest.spyOn(prisma.employeeFamily, 'delete').mockResolvedValue({ id: FAM_B_ID });\n    \u001b[7m   \u001b[0m \u001b[91m                                                                                ~~~~~~~~~~~~~~~~\u001b[0m\n    \u001b[96msrc/tests/integration/company-scope-employee-cross-company.test.ts\u001b[0m:\u001b[93m225\u001b[0m:\u001b[93m33\u001b[0m - \u001b[91merror\u001b[0m\u001b[90m TS2339: \u001b[0mProperty 'companyId' does not exist on type 'EmployeeFamilyWhereUniqueInput'.\n      Property 'companyId' does not exist on type '{ id: string | undefined; } & { id?: string | undefined; AND?: EmployeeFamilyWhereInput | EmployeeFamilyWhereInput[] | undefined; ... 20 more ...; employee?: (Without<...> & EmployeeWhereInput) | ... 1 more ... | undefined; }'.\n\n    \u001b[7m225\u001b[0m       expect(lastParams?.where?.companyId).toBe(COMPANY_B_ID);\n    \u001b[7m   \u001b[0m \u001b[91m                                ~~~~~~~~~\u001b[0m\n    \u001b[96msrc/tests/integration/company-scope-employee-cross-company.test.ts\u001b[0m:\u001b[93m229\u001b[0m:\u001b[93m81\u001b[0m - \u001b[91merror\u001b[0m\u001b[90m TS2345: \u001b[0mArgument of type '{ id: string; }' is not assignable to parameter of type '{ id: string; fullName: string; phone: string | null; idNumber: string | null; placeOfBirth: string | null; dateOfBirth: Date | null; gender: string | null; religion: string | null; ... 10 more ...; orderSequence: number | null; } | Prisma__EmployeeFamilyClient<...>'.\n      Type '{ id: string; }' is missing the following properties from type '{ id: string; fullName: string; phone: string | null; idNumber: string | null; placeOfBirth: string | null; dateOfBirth: Date | null; gender: string | null; religion: string | null; ... 10 more ...; orderSequence: number | null; }': fullName, phone, idNumber, placeOfBirth, and 14 more.\n\n    \u001b[7m229\u001b[0m       const spy = jest.spyOn(prisma.employeeFamily, 'update').mockResolvedValue({ id: FAM_B_ID });\n    \u001b[7m   \u001b[0m \u001b[91m                                                                                ~~~~~~~~~~~~~~~~\u001b[0m\n    \u001b[96msrc/tests/integration/company-scope-employee-cross-company.test.ts\u001b[0m:\u001b[93m232\u001b[0m:\u001b[93m33\u001b[0m - \u001b[91merror\u001b[0m\u001b[90m TS2339: \u001b[0mProperty 'companyId' does not exist on type 'EmployeeFamilyWhereUniqueInput'.\n      Property 'companyId' does not exist on type '{ id: string | undefined; } & { id?: string | undefined; AND?: EmployeeFamilyWhereInput | EmployeeFamilyWhereInput[] | undefined; ... 20 more ...; employee?: (Without<...> & EmployeeWhereInput) | ... 1 more ... | undefined; }'.\n\n    \u001b[7m232\u001b[0m       expect(lastParams?.where?.companyId).toBe(COMPANY_B_ID);\n    \u001b[7m   \u001b[0m \u001b[91m                                ~~~~~~~~~\u001b[0m\n    \u001b[96msrc/tests/integration/company-scope-employee-cross-company.test.ts\u001b[0m:\u001b[93m233\u001b[0m:\u001b[93m32\u001b[0m - \u001b[91merror\u001b[0m\u001b[90m TS2339: \u001b[0mProperty 'companyId' does not exist on type '(Without<EmployeeFamilyUpdateInput, EmployeeFamilyUncheckedUpdateInput> & EmployeeFamilyUncheckedUpdateInput) | (Without<...> & EmployeeFamilyUpdateInput)'.\n      Property 'companyId' does not exist on type 'Without<EmployeeFamilyUpdateInput, EmployeeFamilyUncheckedUpdateInput> & EmployeeFamilyUncheckedUpdateInput'.\n\n    \u001b[7m233\u001b[0m       expect(lastParams?.data?.companyId).toBe(COMPANY_B_ID);\n    \u001b[7m   \u001b[0m \u001b[91m                               ~~~~~~~~~\u001b[0m\n    \u001b[96msrc/tests/integration/company-scope-employee-cross-company.test.ts\u001b[0m:\u001b[93m263\u001b[0m:\u001b[93m50\u001b[0m - \u001b[91merror\u001b[0m\u001b[90m TS2353: \u001b[0mObject literal may only specify known properties, and 'companyId' does not exist in type '{ id: string; fullName: string; phone: string | null; idNumber: string | null; placeOfBirth: string | null; dateOfBirth: Date | null; gender: string | null; religion: string | null; ... 10 more ...; orderSequence: number | null; } | Prisma__EmployeeFamilyClient<...>'.\n\n    \u001b[7m263\u001b[0m         id: FAM_B_ID, employeeId: EMPLOYEE_B_ID, companyId: COMPANY_B_ID,\n    \u001b[7m   \u001b[0m \u001b[91m                                                 ~~~~~~~~~\u001b[0m\n    \u001b[96msrc/tests/integration/company-scope-employee-cross-company.test.ts\u001b[0m:\u001b[93m273\u001b[0m:\u001b[93m50\u001b[0m - \u001b[91merror\u001b[0m\u001b[90m TS2353: \u001b[0mObject literal may only specify known properties, and 'companyId' does not exist in type '{ id: string; fullName: string; phone: string | null; idNumber: string | null; placeOfBirth: string | null; dateOfBirth: Date | null; gender: string | null; religion: string | null; ... 10 more ...; orderSequence: number | null; } | Prisma__EmployeeFamilyClient<...>'.\n\n    \u001b[7m273\u001b[0m         id: FAM_B_ID, employeeId: EMPLOYEE_B_ID, companyId: COMPANY_B_ID,\n    \u001b[7m   \u001b[0m \u001b[91m                                                 ~~~~~~~~~\u001b[0m\n    \u001b[96msrc/tests/integration/company-scope-employee-cross-company.test.ts\u001b[0m:\u001b[93m285\u001b[0m:\u001b[93m50\u001b[0m - \u001b[91merror\u001b[0m\u001b[90m TS2353: \u001b[0mObject literal may only specify known properties, and 'companyId' does not exist in type '{ id: string; createdAt: Date; updatedAt: Date; employeeId: string; notes: string | null; startDate: Date | null; endDate: Date | null; level: string; institutionName: string; ... 4 more ...; city: string | null; } | Prisma__EmployeeEducationClient<...>'.\n\n    \u001b[7m285\u001b[0m         id: EDU_B_ID, employeeId: EMPLOYEE_B_ID, companyId: COMPANY_B_ID,\n    \u001b[7m   \u001b[0m \u001b[91m                                                 ~~~~~~~~~\u001b[0m\n    \u001b[96msrc/tests/integration/company-scope-employee-cross-company.test.ts\u001b[0m:\u001b[93m295\u001b[0m:\u001b[93m50\u001b[0m - \u001b[91merror\u001b[0m\u001b[90m TS2353: \u001b[0mObject literal may only specify known properties, and 'companyId' does not exist in type '{ id: string; createdAt: Date; updatedAt: Date; employeeId: string; notes: string | null; startDate: Date | null; endDate: Date | null; level: string; institutionName: string; ... 4 more ...; city: string | null; } | Prisma__EmployeeEducationClient<...>'.\n\n    \u001b[7m295\u001b[0m         id: EDU_B_ID, employeeId: EMPLOYEE_B_ID, companyId: COMPANY_B_ID,\n    \u001b[7m   \u001b[0m \u001b[91m                                                 ~~~~~~~~~\u001b[0m\n    \u001b[96msrc/tests/integration/company-scope-employee-cross-company.test.ts\u001b[0m:\u001b[93m307\u001b[0m:\u001b[93m50\u001b[0m - \u001b[91merror\u001b[0m\u001b[90m TS2353: \u001b[0mObject literal may only specify known properties, and 'companyId' does not exist in type '{ id: string; fullName: string; phone: string; address: string | null; createdAt: Date; updatedAt: Date; employeeId: string; notes: string | null; relationship: string; alternativePhone: string | null; isPrimary: boolean | null; } | Prisma__EmployeeEmergencyContactClient<...>'.\n\n    \u001b[7m307\u001b[0m         id: EMC_B_ID, employeeId: EMPLOYEE_B_ID, companyId: COMPANY_B_ID,\n    \u001b[7m   \u001b[0m \u001b[91m                                                 ~~~~~~~~~\u001b[0m\n    \u001b[96msrc/tests/integration/company-scope-employee-cross-company.test.ts\u001b[0m:\u001b[93m317\u001b[0m:\u001b[93m50\u001b[0m - \u001b[91merror\u001b[0m\u001b[90m TS2353: \u001b[0mObject literal may only specify known properties, and 'companyId' does not exist in type '{ id: string; fullName: string; phone: string; address: string | null; createdAt: Date; updatedAt: Date; employeeId: string; notes: string | null; relationship: string; alternativePhone: string | null; isPrimary: boolean | null; } | Prisma__EmployeeEmergencyContactClient<...>'.\n\n    \u001b[7m317\u001b[0m         id: EMC_B_ID, employeeId: EMPLOYEE_B_ID, companyId: COMPANY_B_ID,\n    \u001b[7m   \u001b[0m \u001b[91m                                                 ~~~~~~~~~\u001b[0m\n    \u001b[96msrc/tests/integration/company-scope-employee-cross-company.test.ts\u001b[0m:\u001b[93m329\u001b[0m:\u001b[93m50\u001b[0m - \u001b[91merror\u001b[0m\u001b[90m TS2353: \u001b[0mObject literal may only specify known properties, and 'companyId' does not exist in type '{ id: string; createdAt: Date; updatedAt: Date; description: string | null; employeeId: string; notes: string | null; startDate: Date | null; endDate: Date | null; ... 4 more ...; certificateUrl: string | null; } | Prisma__EmployeeTrainingClient<...>'.\n\n    \u001b[7m329\u001b[0m         id: TRN_B_ID, employeeId: EMPLOYEE_B_ID, companyId: COMPANY_B_ID,\n    \u001b[7m   \u001b[0m \u001b[91m                                                 ~~~~~~~~~\u001b[0m\n    \u001b[96msrc/tests/integration/company-scope-employee-cross-company.test.ts\u001b[0m:\u001b[93m339\u001b[0m:\u001b[93m50\u001b[0m - \u001b[91merror\u001b[0m\u001b[90m TS2353: \u001b[0mObject literal may only specify known properties, and 'companyId' does not exist in type '{ id: string; createdAt: Date; updatedAt: Date; description: string | null; employeeId: string; notes: string | null; startDate: Date | null; endDate: Date | null; ... 4 more ...; certificateUrl: string | null; } | Prisma__EmployeeTrainingClient<...>'.\n\n    \u001b[7m339\u001b[0m         id: TRN_B_ID, employeeId: EMPLOYEE_B_ID, companyId: COMPANY_B_ID,\n    \u001b[7m   \u001b[0m \u001b[91m                                                 ~~~~~~~~~\u001b[0m\n    \u001b[96msrc/tests/integration/company-scope-employee-cross-company.test.ts\u001b[0m:\u001b[93m351\u001b[0m:\u001b[93m50\u001b[0m - \u001b[91merror\u001b[0m\u001b[90m TS2353: \u001b[0mObject literal may only specify known properties, and 'companyId' does not exist in type '{ id: string; createdAt: Date; updatedAt: Date; employeeId: string; notes: string | null; category: string | null; skillName: string; proficiencyLevel: string | null; yearsOfExperience: number | null; lastUsedDate: Date | null; isCertified: boolean | null; } | Prisma__EmployeeSkillClient<...>'.\n\n    \u001b[7m351\u001b[0m         id: SKL_B_ID, employeeId: EMPLOYEE_B_ID, companyId: COMPANY_B_ID,\n    \u001b[7m   \u001b[0m \u001b[91m                                                 ~~~~~~~~~\u001b[0m\n    \u001b[96msrc/tests/integration/company-scope-employee-cross-company.test.ts\u001b[0m:\u001b[93m361\u001b[0m:\u001b[93m50\u001b[0m - \u001b[91merror\u001b[0m\u001b[90m TS2353: \u001b[0mObject literal may only specify known properties, and 'companyId' does not exist in type '{ id: string; createdAt: Date; updatedAt: Date; employeeId: string; notes: string | null; category: string | null; skillName: string; proficiencyLevel: string | null; yearsOfExperience: number | null; lastUsedDate: Date | null; isCertified: boolean | null; } | Prisma__EmployeeSkillClient<...>'.\n\n    \u001b[7m361\u001b[0m         id: SKL_B_ID, employeeId: EMPLOYEE_B_ID, companyId: COMPANY_B_ID,\n    \u001b[7m   \u001b[0m \u001b[91m                                                 ~~~~~~~~~\u001b[0m\n    \u001b[96msrc/tests/integration/company-scope-employee-cross-company.test.ts\u001b[0m:\u001b[93m373\u001b[0m:\u001b[93m50\u001b[0m - \u001b[91merror\u001b[0m\u001b[90m TS2353: \u001b[0mObject literal may only specify known properties, and 'companyId' does not exist in type '{ id: string; createdAt: Date; updatedAt: Date; position: string; employeeId: string; startDate: Date; endDate: Date | null; city: string | null; companyName: string; ... 6 more ...; referencePhone: string | null; } | Prisma__EmployeeExperienceClient<...>'.\n\n    \u001b[7m373\u001b[0m         id: EXP_B_ID, employeeId: EMPLOYEE_B_ID, companyId: COMPANY_B_ID,\n    \u001b[7m   \u001b[0m \u001b[91m                                                 ~~~~~~~~~\u001b[0m\n    \u001b[96msrc/tests/integration/company-scope-employee-cross-company.test.ts\u001b[0m:\u001b[93m383\u001b[0m:\u001b[93m50\u001b[0m - \u001b[91merror\u001b[0m\u001b[90m TS2353: \u001b[0mObject literal may only specify known properties, and 'companyId' does not exist in type '{ id: string; createdAt: Date; updatedAt: Date; position: string; employeeId: string; startDate: Date; endDate: Date | null; city: string | null; companyName: string; ... 6 more ...; referencePhone: string | null; } | Prisma__EmployeeExperienceClient<...>'.\n\n    \u001b[7m383\u001b[0m         id: EXP_B_ID, employeeId: EMPLOYEE_B_ID, companyId: COMPANY_B_ID,\n    \u001b[7m   \u001b[0m \u001b[91m                                                 ~~~~~~~~~\u001b[0m\n    \u001b[96msrc/tests/integration/company-scope-employee-cross-company.test.ts\u001b[0m:\u001b[93m395\u001b[0m:\u001b[93m50\u001b[0m - \u001b[91merror\u001b[0m\u001b[90m TS2353: \u001b[0mObject literal may only specify known properties, and 'companyId' does not exist in type '{ id: string; createdAt: Date; updatedAt: Date; description: string | null; employeeId: string; fileName: string; mimeType: string | null; fileSize: number | null; uploadedBy: string | null; category: string; originalName: string | null; fileUrl: string; } | Prisma__EmployeeAttachmentClient<...>'.\n\n    \u001b[7m395\u001b[0m         id: ATT_B_ID, employeeId: EMPLOYEE_B_ID, companyId: COMPANY_B_ID,\n    \u001b[7m   \u001b[0m \u001b[91m                                                 ~~~~~~~~~\u001b[0m\n    \u001b[96msrc/tests/integration/company-scope-employee-cross-company.test.ts\u001b[0m:\u001b[93m405\u001b[0m:\u001b[93m50\u001b[0m - \u001b[91merror\u001b[0m\u001b[90m TS2353: \u001b[0mObject literal may only specify known properties, and 'companyId' does not exist in type '{ id: string; createdAt: Date; updatedAt: Date; description: string | null; employeeId: string; fileName: string; mimeType: string | null; fileSize: number | null; uploadedBy: string | null; category: string; originalName: string | null; fileUrl: string; } | Prisma__EmployeeAttachmentClient<...>'.\n\n    \u001b[7m405\u001b[0m         id: ATT_B_ID, employeeId: EMPLOYEE_B_ID, companyId: COMPANY_B_ID,\n    \u001b[7m   \u001b[0m \u001b[91m                                                 ~~~~~~~~~\u001b[0m\n","name":"/Users/f/Documents/sdk-project/hris-draft/backend/src/tests/integration/company-scope-employee-cross-company.test.ts","startTime":1787389922872,"status":"failed","summary":""}],"wasInterrupted":false}
